<?xml version="1.0" encoding="UTF-8"?>
<!-- Generated by org.testng.reporters.JUnitXMLReporter -->
<testsuite ignored="0" hostname="VenkataD" failures="0" tests="7" name="MyTests" time="3.027" errors="0" timestamp="2025-11-28T01:58:48 GMT">
  <testcase classname="day1_project.httpRequest_get" name="getUsers" time="2.115"/>
  <testcase classname="day1_project.httpRequest_post" name="createUsers" time="0.337"/>
  <testcase classname="day1_project.httpRequest_post2" name="createUsers" time="0.131"/>
  <testcase classname="day1_project.tc01_postrequest_DetailsSavedToPropertiesFile" name="createUsers" time="0.136"/>
  <testcase classname="day1_project.tc02_putrequest_DetailsFetchedUpdatedAndSavedBackToPropertiesFile" name="updateUser" time="0.09"/>
  <testcase classname="day1_project.tc03_patchrequest_DetailsFetchedPatchedAndSavedBackToPropertiesFile" name="patchUser" time="0.066"/>
  <testcase classname="day1_project.tc04_deleterequest_DetailsFetchedDeletedAndSavedBackToPropertiesFile" name="deleteUser" time="0.095"/>
</testsuite> <!-- MyTests -->
