<?xml version="1.0" encoding="UTF-8"?>
<!-- Generated by org.testng.reporters.JUnitXMLReporter -->
<testsuite ignored="0" hostname="VenkataD" failures="1" tests="11" name="MyTests" time="15.067" errors="0" timestamp="2025-11-28T00:12:19 GMT">
  <testcase classname="day3_project.captureCookies" name="testCookies" time="3.313">
    <failure type="java.lang.AssertionError" message="1 expectation failed.
Expected cookie &amp;quot;AEC&amp;quot; was not &amp;quot;AaJma5v_3QiF9ujwNoPB0o7U1kVMJ4CYGEOrv8XSCs7xCmeRHUilD80beA&amp;quot;, was &amp;quot;AaJma5vw-k80Qn0DYU3EvQWkili0RNYehw3WKJrD2i6ogk623MRPcFcYdQ&amp;quot;.
">
      <![CDATA[java.lang.AssertionError: 1 expectation failed.
Expected cookie "AEC" was not "AaJma5v_3QiF9ujwNoPB0o7U1kVMJ4CYGEOrv8XSCs7xCmeRHUilD80beA", was "AaJma5vw-k80Qn0DYU3EvQWkili0RNYehw3WKJrD2i6ogk623MRPcFcYdQ".

at org.codehaus.groovy.runtime.callsite.ConstructorSite$ConstructorSiteNoUnwrapNoCoerce.callConstructor(ConstructorSite.java:108)
at org.codehaus.groovy.runtime.callsite.CallSiteArray.defaultCallConstructor(CallSiteArray.java:57)
at org.codehaus.groovy.runtime.callsite.AbstractCallSite.callConstructor(AbstractCallSite.java:263)
at org.codehaus.groovy.runtime.callsite.AbstractCallSite.callConstructor(AbstractCallSite.java:277)
at io.restassured.internal.ResponseSpecificationImpl$HamcrestAssertionClosure.validate(ResponseSpecificationImpl.groovy:512)
at io.restassured.internal.ResponseSpecificationImpl$HamcrestAssertionClosure$validate$1.call(Unknown Source)
at org.codehaus.groovy.runtime.callsite.CallSiteArray.defaultCall(CallSiteArray.java:45)
at org.codehaus.groovy.runtime.callsite.AbstractCallSite.call(AbstractCallSite.java:125)
at org.codehaus.groovy.runtime.callsite.AbstractCallSite.call(AbstractCallSite.java:139)
at io.restassured.internal.ResponseSpecificationImpl.validateResponseIfRequired(ResponseSpecificationImpl.groovy:696)
at io.restassured.internal.ResponseSpecificationImpl.this$2$validateResponseIfRequired(ResponseSpecificationImpl.groovy)
at org.codehaus.groovy.runtime.callsite.PlainObjectMetaMethodSite.doInvoke(PlainObjectMetaMethodSite.java:43)
at org.codehaus.groovy.runtime.callsite.PogoMetaMethodSite$PogoCachedMethodSiteNoUnwrapNoCoerce.invoke(PogoMetaMethodSite.java:198)
at org.codehaus.groovy.runtime.callsite.PogoMetaMethodSite.callCurrent(PogoMetaMethodSite.java:62)
at org.codehaus.groovy.runtime.callsite.CallSiteArray.defaultCallCurrent(CallSiteArray.java:49)
at org.codehaus.groovy.runtime.callsite.AbstractCallSite.callCurrent(AbstractCallSite.java:171)
at org.codehaus.groovy.runtime.callsite.AbstractCallSite.callCurrent(AbstractCallSite.java:185)
at io.restassured.internal.ResponseSpecificationImpl.cookie(ResponseSpecificationImpl.groovy:229)
at io.restassured.specification.ResponseSpecification$cookie$0.callCurrent(Unknown Source)
at org.codehaus.groovy.runtime.callsite.CallSiteArray.defaultCallCurrent(CallSiteArray.java:49)
at org.codehaus.groovy.runtime.callsite.AbstractCallSite.callCurrent(AbstractCallSite.java:171)
at org.codehaus.groovy.runtime.callsite.AbstractCallSite.callCurrent(AbstractCallSite.java:194)
at io.restassured.internal.ResponseSpecificationImpl.cookie(ResponseSpecificationImpl.groovy:250)
at io.restassured.internal.ValidatableResponseOptionsImpl.cookie(ValidatableResponseOptionsImpl.java:158)
at day3_project.captureCookies.testCookies(captureCookies.java:21)
at java.base/java.util.ArrayList.forEach(ArrayList.java:1597)
... Removed 31 stack frames]]>
    </failure>
  </testcase> <!-- testCookies -->
  <testcase classname="day3_project.captureHeaders" name="testCookies" time="1.86"/>
  <testcase classname="day3_project.getAllCookieInfo" name="getSingleCokkieInfo" time="0.769"/>
  <testcase classname="day3_project.getAllHeadersInfo" name="getallHeaders" time="0.769"/>
  <testcase classname="day3_project.getSingleCookieInfo" name="getSingleCokkieInfo" time="0.785"/>
  <testcase classname="day3_project.getSingleHeader" name="getSingleHeaderInfo" time="0.769"/>
  <testcase classname="day3_project.loggingDemo_AllInfo" name="logAllInfo" time="1.364"/>
  <testcase classname="day3_project.loggingDemo_onlyCookies" name="logOnlyCookies" time="1.349"/>
  <testcase classname="day3_project.loggingDemo_onlyHeaders" name="logOnlyHeaders" time="1.331"/>
  <testcase classname="day3_project.loggingDemo_responseBody" name="logBodyResponse" time="1.351"/>
  <testcase classname="day3_project.PathAndQueryParameters" name="PathQueryParams" time="1.321"/>
</testsuite> <!-- MyTests -->
