<?xml version="1.0" encoding="UTF-8"?>
<testng-results ignored="0" total="1" passed="1" failed="0" skipped="0">
  <reporter-output>
  </reporter-output>
  <suite started-at="2025-11-26T11:50:43 GMT" name="Default suite" finished-at="2025-11-26T11:50:45 GMT" duration-ms="2328">
    <groups>
    </groups>
    <test started-at="2025-11-26T11:50:43 GMT" name="Default test" finished-at="2025-11-26T11:50:45 GMT" duration-ms="2328">
      <class name="day1_project.httpRequest_post2">
        <test-method signature="createUsers()[pri:1, instance:day1_project.httpRequest_post2@5149d738]" started-at="2025-11-26T11:50:43 GMT" name="createUsers" finished-at="2025-11-26T11:50:45 GMT" duration-ms="2289" status="PASS">
          <reporter-output>
          </reporter-output>
        </test-method> <!-- createUsers -->
      </class> <!-- day1_project.httpRequest_post2 -->
    </test> <!-- Default test -->
  </suite> <!-- Default suite -->
</testng-results>
