<?xml version="1.0" encoding="UTF-8"?>
<testng-results ignored="0" total="1" passed="1" failed="0" skipped="0">
  <reporter-output>
  </reporter-output>
  <suite started-at="2025-11-27T00:52:55 GMT" name="Default suite" finished-at="2025-11-27T00:52:56 GMT" duration-ms="1466">
    <groups>
    </groups>
    <test started-at="2025-11-27T00:52:55 GMT" name="Default test" finished-at="2025-11-27T00:52:56 GMT" duration-ms="1466">
      <class name="day4_project.tc_05_parsingJSONResponseData">
        <test-method signature="testJSONResponse()[pri:0, instance:day4_project.tc_05_parsingJSONResponseData@5149d738]" started-at="2025-11-27T00:52:55 GMT" name="testJSONResponse" finished-at="2025-11-27T00:52:56 GMT" duration-ms="1413" status="PASS">
          <reporter-output>
          </reporter-output>
        </test-method> <!-- testJSONResponse -->
      </class> <!-- day4_project.tc_05_parsingJSONResponseData -->
    </test> <!-- Default test -->
  </suite> <!-- Default suite -->
</testng-results>
