<?xml version="1.0" encoding="UTF-8"?>
<testng-results ignored="0" total="7" passed="7" failed="0" skipped="0">
  <reporter-output>
  </reporter-output>
  <suite started-at="2025-11-28T01:58:45 GMT" name="MySuite" finished-at="2025-11-28T01:58:48 GMT" duration-ms="3027">
    <groups>
    </groups>
    <test started-at="2025-11-28T01:58:45 GMT" name="MyTests" finished-at="2025-11-28T01:58:48 GMT" duration-ms="3027">
      <class name="day1_project.tc02_putrequest_DetailsFetchedUpdatedAndSavedBackToPropertiesFile">
        <test-method signature="updateUser()[pri:0, instance:day1_project.tc02_putrequest_DetailsFetchedUpdatedAndSavedBackToPropertiesFile@72035809]" started-at="2025-11-28T01:58:47 GMT" name="updateUser" finished-at="2025-11-28T01:58:48 GMT" duration-ms="90" status="PASS">
          <reporter-output>
          </reporter-output>
        </test-method> <!-- updateUser -->
      </class> <!-- day1_project.tc02_putrequest_DetailsFetchedUpdatedAndSavedBackToPropertiesFile -->
      <class name="day1_project.httpRequest_post2">
        <test-method signature="createUsers()[pri:1, instance:day1_project.httpRequest_post2@72cc7e6f]" started-at="2025-11-28T01:58:47 GMT" name="createUsers" finished-at="2025-11-28T01:58:47 GMT" duration-ms="131" status="PASS">
          <reporter-output>
          </reporter-output>
        </test-method> <!-- createUsers -->
      </class> <!-- day1_project.httpRequest_post2 -->
      <class name="day1_project.httpRequest_get">
        <test-method signature="getUsers()[pri:0, instance:day1_project.httpRequest_get@53fb3dab]" started-at="2025-11-28T01:58:45 GMT" name="getUsers" finished-at="2025-11-28T01:58:47 GMT" duration-ms="2115" status="PASS">
          <reporter-output>
          </reporter-output>
        </test-method> <!-- getUsers -->
      </class> <!-- day1_project.httpRequest_get -->
      <class name="day1_project.tc04_deleterequest_DetailsFetchedDeletedAndSavedBackToPropertiesFile">
        <test-method signature="deleteUser()[pri:0, instance:day1_project.tc04_deleterequest_DetailsFetchedDeletedAndSavedBackToPropertiesFile@18271936]" started-at="2025-11-28T01:58:48 GMT" name="deleteUser" finished-at="2025-11-28T01:58:48 GMT" duration-ms="95" status="PASS">
          <reporter-output>
          </reporter-output>
        </test-method> <!-- deleteUser -->
      </class> <!-- day1_project.tc04_deleterequest_DetailsFetchedDeletedAndSavedBackToPropertiesFile -->
      <class name="day1_project.httpRequest_post">
        <test-method signature="createUsers()[pri:1, instance:day1_project.httpRequest_post@5f049ea1]" started-at="2025-11-28T01:58:47 GMT" name="createUsers" finished-at="2025-11-28T01:58:47 GMT" duration-ms="337" status="PASS">
          <reporter-output>
          </reporter-output>
        </test-method> <!-- createUsers -->
      </class> <!-- day1_project.httpRequest_post -->
      <class name="day1_project.tc01_postrequest_DetailsSavedToPropertiesFile">
        <test-method signature="createUsers()[pri:1, instance:day1_project.tc01_postrequest_DetailsSavedToPropertiesFile@5afa3c9]" started-at="2025-11-28T01:58:47 GMT" name="createUsers" finished-at="2025-11-28T01:58:47 GMT" duration-ms="136" status="PASS">
          <reporter-output>
          </reporter-output>
        </test-method> <!-- createUsers -->
      </class> <!-- day1_project.tc01_postrequest_DetailsSavedToPropertiesFile -->
      <class name="day1_project.tc03_patchrequest_DetailsFetchedPatchedAndSavedBackToPropertiesFile">
        <test-method signature="patchUser()[pri:0, instance:day1_project.tc03_patchrequest_DetailsFetchedPatchedAndSavedBackToPropertiesFile@909217e]" started-at="2025-11-28T01:58:48 GMT" name="patchUser" finished-at="2025-11-28T01:58:48 GMT" duration-ms="66" status="PASS">
          <reporter-output>
          </reporter-output>
        </test-method> <!-- patchUser -->
      </class> <!-- day1_project.tc03_patchrequest_DetailsFetchedPatchedAndSavedBackToPropertiesFile -->
    </test> <!-- MyTests -->
  </suite> <!-- MySuite -->
</testng-results>
