<?xml version="1.0" encoding="UTF-8"?>
<!-- Generated by org.testng.reporters.JUnitReportReporter -->
<testsuite hostname="VenkataD" failures="0" tests="1" name="day1_project.tc04_deleterequest_DetailsFetchedDeletedAndSavedBackToPropertiesFile" time="0.095" errors="0" timestamp="2025-11-28T01:58:48 GMT" skipped="0">
  <testcase classname="day1_project.tc04_deleterequest_DetailsFetchedDeletedAndSavedBackToPropertiesFile" name="deleteUser" time="0.095"/>
</testsuite> <!-- day1_project.tc04_deleterequest_DetailsFetchedDeletedAndSavedBackToPropertiesFile -->
