<?xml version="1.0" encoding="UTF-8"?>
<!-- Generated by org.testng.reporters.JUnitReportReporter -->
<testsuite hostname="VenkataD" failures="0" tests="1" name="day1_project.patchrequest_DetailsFetchedUpdatedAndSavedBackToPropertiesFile" time="1.811" errors="0" timestamp="2025-11-26T12:30:39 GMT" skipped="0">
  <testcase classname="day1_project.patchrequest_DetailsFetchedUpdatedAndSavedBackToPropertiesFile" name="patchUser" time="1.811"/>
</testsuite> <!-- day1_project.patchrequest_DetailsFetchedUpdatedAndSavedBackToPropertiesFile -->
