<?xml version="1.0" encoding="UTF-8"?>
<!-- Generated by org.testng.reporters.JUnitReportReporter -->
<testsuite hostname="VenkataD" failures="0" tests="1" name="day1_project.tc03_patchrequest_DetailsFetchedPatchedAndSavedBackToPropertiesFile" time="0.066" errors="0" timestamp="2025-11-28T01:58:48 GMT" skipped="0">
  <testcase classname="day1_project.tc03_patchrequest_DetailsFetchedPatchedAndSavedBackToPropertiesFile" name="patchUser" time="0.066"/>
</testsuite> <!-- day1_project.tc03_patchrequest_DetailsFetchedPatchedAndSavedBackToPropertiesFile -->
